<?xml version="1.0" encoding="UTF-8"?>
<!-- Generated by org.testng.reporters.JUnitReportReporter -->
<testsuite skipped="0" hostname="DESKTOP-EL097K1" name="com.crm.qa.testcases.ContactPageTest" tests="3" failures="0" timestamp="02 Jan 2019 05:09:56 GMT" time="34.106" errors="0">
  <testcase name="verifyContactLogoTest" time="12.218" classname="com.crm.qa.testcases.ContactPageTest"/>
  <testcase name="verifySavedContactLinkTest" time="11.403" classname="com.crm.qa.testcases.ContactPageTest"/>
  <testcase name="verifySelectSingleCheckboxTest" time="10.485" classname="com.crm.qa.testcases.ContactPageTest"/>
</testsuite> <!-- com.crm.qa.testcases.ContactPageTest -->
