<?xml version="1.0" encoding="UTF-8"?>
<!-- Generated by org.testng.reporters.JUnitReportReporter -->
<testsuite skipped="0" hostname="DESKTOP-EL097K1" name="com.crm.qa.testcases.LoginPageTest" tests="3" failures="0" timestamp="02 Jan 2019 23:28:19 GMT" time="21.263" errors="0">
  <testcase name="loginpageTitleTest" time="6.989" classname="com.crm.qa.testcases.LoginPageTest"/>
  <testcase name="loginImageTest" time="5.505" classname="com.crm.qa.testcases.LoginPageTest"/>
  <testcase name="loginTest" time="8.769" classname="com.crm.qa.testcases.LoginPageTest"/>
</testsuite> <!-- com.crm.qa.testcases.LoginPageTest -->
