<?xml version="1.0" encoding="UTF-8"?>
<!-- Generated by org.testng.reporters.JUnitReportReporter -->
<testsuite skipped="0" hostname="DESKTOP-EL097K1" name="com.crm.qa.testcases.NewContactPageTest" tests="4" failures="0" timestamp="03 Jan 2019 02:04:35 GMT" time="52.830" errors="0">
  <testcase name="createNew" time="14.836" classname="com.crm.qa.testcases.NewContactPageTest"/>
  <testcase name="createNew" time="13.356" classname="com.crm.qa.testcases.NewContactPageTest"/>
  <testcase name="createNew" time="13.592" classname="com.crm.qa.testcases.NewContactPageTest"/>
  <testcase name="verifyOwnerTest" time="11.046" classname="com.crm.qa.testcases.NewContactPageTest"/>
</testsuite> <!-- com.crm.qa.testcases.NewContactPageTest -->
