<?xml version="1.0" encoding="UTF-8"?>
<!-- Generated by org.testng.reporters.JUnitReportReporter -->
<testsuite skipped="0" hostname="DESKTOP-EL097K1" name="com.crm.qa.testcases.HomePageTest" tests="6" failures="0" timestamp="29 Dec 2018 23:51:03 GMT" time="57.433" errors="0">
  <testcase name="verifyHomePageTitleTest" time="8.846" classname="com.crm.qa.testcases.HomePageTest"/>
  <testcase name="verifyContactLinkTest" time="9.324" classname="com.crm.qa.testcases.HomePageTest"/>
  <testcase name="verifyNewContactLinkTest" time="10.600" classname="com.crm.qa.testcases.HomePageTest"/>
  <testcase name="verifyDealsLinkTest" time="9.603" classname="com.crm.qa.testcases.HomePageTest"/>
  <testcase name="verifyTasksLinkTest" time="9.572" classname="com.crm.qa.testcases.HomePageTest"/>
  <testcase name="verifyCorrectUserNameTest" time="9.488" classname="com.crm.qa.testcases.HomePageTest"/>
</testsuite> <!-- com.crm.qa.testcases.HomePageTest -->
